TN:
SF:controllers\royaltyController.js
FN:6,(anonymous_0)
FN:14,(anonymous_1)
FN:20,(anonymous_2)
FNF:3
FNH:3
FNDA:2,(anonymous_0)
FNDA:2,(anonymous_1)
FNDA:3,(anonymous_2)
DA:1,1
DA:2,1
DA:3,1
DA:5,1
DA:7,2
DA:8,2
DA:10,2
DA:11,1
DA:15,2
DA:16,2
DA:17,1
DA:21,3
DA:22,3
DA:23,2
DA:27,1
LF:15
LH:15
BRF:0
BRH:0
end_of_record
TN:
SF:controllers\songController.js
FN:6,(anonymous_0)
FN:25,(anonymous_1)
FN:31,(anonymous_2)
FN:37,(anonymous_3)
FN:43,(anonymous_4)
FN:58,(anonymous_5)
FNF:6
FNH:6
FNDA:2,(anonymous_0)
FNDA:2,(anonymous_1)
FNDA:2,(anonymous_2)
FNDA:3,(anonymous_3)
FNDA:1,(anonymous_4)
FNDA:2,(anonymous_5)
DA:1,1
DA:2,1
DA:3,1
DA:5,1
DA:7,2
DA:9,2
DA:10,1
DA:13,1
DA:21,1
DA:22,1
DA:26,2
DA:27,2
DA:28,2
DA:32,2
DA:33,2
DA:34,2
DA:38,3
DA:39,3
DA:40,3
DA:44,1
DA:45,1
DA:47,1
DA:48,1
DA:50,1
DA:51,0
DA:54,1
DA:55,1
DA:59,2
DA:61,2
DA:62,1
DA:65,1
DA:66,1
DA:75,1
LF:33
LH:32
BRDA:9,0,0,1
BRDA:9,0,1,1
BRDA:9,1,0,2
BRDA:9,1,1,2
BRDA:47,2,0,1
BRDA:47,2,1,0
BRDA:50,3,0,0
BRDA:50,3,1,1
BRDA:61,4,0,1
BRDA:61,4,1,1
BRF:10
BRH:8
end_of_record
TN:
SF:models\artistModel.js
FNF:0
FNH:0
DA:1,1
DA:3,1
DA:22,1
LF:3
LH:3
BRF:0
BRH:0
end_of_record
TN:
SF:models\managerModel.js
FNF:0
FNH:0
DA:1,1
DA:3,1
DA:18,1
LF:3
LH:3
BRF:0
BRH:0
end_of_record
TN:
SF:models\royaltyModel.js
FN:18,(anonymous_0)
FNF:1
FNH:1
FNDA:12,(anonymous_0)
DA:1,1
DA:2,1
DA:3,1
DA:5,1
DA:18,1
DA:19,12
DA:20,7
DA:21,7
DA:32,12
DA:36,1
LF:10
LH:10
BRDA:19,0,0,7
BRDA:19,0,1,5
BRF:2
BRH:2
end_of_record
TN:
SF:models\songModel.js
FN:20,(anonymous_0)
FN:27,(anonymous_1)
FN:37,(anonymous_2)
FNF:3
FNH:3
FNDA:12,(anonymous_0)
FNDA:3,(anonymous_1)
FNDA:15,(anonymous_2)
DA:2,1
DA:3,1
DA:5,1
DA:20,1
DA:21,12
DA:22,12
DA:27,1
DA:28,3
DA:29,3
DA:30,3
DA:37,1
DA:38,15
DA:45,15
DA:52,15
DA:53,15
DA:55,15
DA:65,1
LF:17
LH:17
BRDA:28,0,0,3
BRDA:28,0,1,0
BRDA:52,1,0,15
BRDA:52,1,1,0
BRDA:53,2,0,15
BRDA:53,2,1,0
BRDA:65,3,0,1
BRDA:65,3,1,1
BRF:8
BRH:5
end_of_record
TN:
SF:models\userModel.js
FNF:0
FNH:0
DA:1,1
DA:3,1
DA:13,1
LF:3
LH:3
BRF:0
BRH:0
end_of_record
TN:
SF:repositories\royaltyRepository.js
FN:7,(anonymous_0)
FN:14,(anonymous_1)
FN:19,(anonymous_2)
FN:23,(anonymous_3)
FN:27,(anonymous_4)
FNF:5
FNH:5
FNDA:2,(anonymous_0)
FNDA:5,(anonymous_1)
FNDA:2,(anonymous_2)
FNDA:3,(anonymous_3)
FNDA:3,(anonymous_4)
DA:1,1
DA:2,1
DA:3,1
DA:8,2
DA:10,2
DA:15,5
DA:20,2
DA:24,3
DA:28,3
DA:36,1
LF:10
LH:10
BRF:0
BRH:0
end_of_record
TN:
SF:repositories\songRepository.js
FN:6,(anonymous_0)
FN:10,(anonymous_1)
FN:14,(anonymous_2)
FN:18,(anonymous_3)
FN:22,(anonymous_4)
FN:26,(anonymous_5)
FN:30,(anonymous_6)
FN:38,(anonymous_7)
FN:46,(anonymous_8)
FN:50,(anonymous_9)
FNF:10
FNH:10
FNDA:1,(anonymous_0)
FNDA:1,(anonymous_1)
FNDA:1,(anonymous_2)
FNDA:1,(anonymous_3)
FNDA:1,(anonymous_4)
FNDA:1,(anonymous_5)
FNDA:1,(anonymous_6)
FNDA:1,(anonymous_7)
FNDA:1,(anonymous_8)
FNDA:1,(anonymous_9)
DA:1,1
DA:2,1
DA:3,1
DA:7,1
DA:11,1
DA:15,1
DA:19,1
DA:23,1
DA:27,1
DA:31,1
DA:39,1
DA:47,1
DA:51,1
DA:55,1
LF:14
LH:14
BRF:0
BRH:0
end_of_record
TN:
SF:services\royaltyService.js
FN:4,(anonymous_0)
FN:8,(anonymous_1)
FN:11,(anonymous_2)
FN:12,(anonymous_3)
FN:13,(anonymous_4)
FN:14,(anonymous_5)
FN:24,(anonymous_6)
FN:32,(anonymous_7)
FN:41,(anonymous_8)
FNF:9
FNH:9
FNDA:17,(anonymous_0)
FNDA:5,(anonymous_1)
FNDA:4,(anonymous_2)
FNDA:4,(anonymous_3)
FNDA:4,(anonymous_4)
FNDA:4,(anonymous_5)
FNDA:4,(anonymous_6)
FNDA:3,(anonymous_7)
FNDA:4,(anonymous_8)
DA:1,1
DA:5,17
DA:9,5
DA:10,5
DA:11,4
DA:12,4
DA:13,4
DA:14,4
DA:16,3
DA:18,2
DA:19,2
DA:25,4
DA:26,4
DA:27,3
DA:28,1
DA:33,3
DA:34,2
DA:35,1
DA:37,2
DA:42,4
DA:43,3
DA:44,2
DA:46,3
DA:47,3
DA:51,1
LF:25
LH:25
BRDA:11,0,0,4
BRDA:11,0,1,1
BRDA:12,1,0,4
BRDA:12,1,1,1
BRDA:13,2,0,4
BRDA:13,2,1,1
BRDA:14,3,0,4
BRDA:14,3,1,1
BRDA:34,4,0,1
BRDA:34,4,1,1
BRDA:43,5,0,2
BRDA:43,5,1,1
BRF:12
BRH:12
end_of_record
TN:
SF:services\songService.js
FN:7,(anonymous_0)
FN:10,(anonymous_1)
FN:22,(anonymous_2)
FN:26,(anonymous_3)
FN:30,(anonymous_4)
FN:34,(anonymous_5)
FN:38,(anonymous_6)
FNF:7
FNH:6
FNDA:11,(anonymous_0)
FNDA:0,(anonymous_1)
FNDA:2,(anonymous_2)
FNDA:2,(anonymous_3)
FNDA:1,(anonymous_4)
FNDA:2,(anonymous_5)
FNDA:3,(anonymous_6)
DA:1,1
DA:2,1
DA:4,1
DA:8,11
DA:11,0
DA:13,0
DA:16,0
DA:17,0
DA:19,0
DA:23,2
DA:27,2
DA:31,1
DA:35,2
DA:40,3
DA:41,3
DA:43,2
DA:45,2
DA:47,1
DA:50,1
DA:54,1
LF:20
LH:15
BRDA:41,0,0,1
BRDA:41,0,1,2
BRF:2
BRH:2
end_of_record
