TN:
SF:controllers\collaborationController.js
FN:6,(anonymous_0)
FN:11,(anonymous_1)
FN:17,(anonymous_2)
FN:25,(anonymous_3)
FN:32,(anonymous_4)
FNF:5
FNH:5
FNDA:2,(anonymous_0)
FNDA:1,(anonymous_1)
FNDA:1,(anonymous_2)
FNDA:1,(anonymous_3)
FNDA:1,(anonymous_4)
DA:1,1
DA:2,1
DA:3,1
DA:5,1
DA:7,2
DA:8,1
DA:12,1
DA:13,1
DA:14,1
DA:18,1
DA:19,1
DA:20,1
DA:21,1
DA:22,1
DA:26,1
DA:27,1
DA:28,1
DA:29,1
DA:33,1
DA:34,1
DA:35,1
DA:36,1
DA:40,1
LF:23
LH:23
BRDA:21,0,0,0
BRDA:21,0,1,1
BRF:2
BRH:1
end_of_record
TN:
SF:controllers\notificationController.js
FN:6,(anonymous_0)
FN:11,(anonymous_1)
FN:17,(anonymous_2)
FNF:3
FNH:3
FNDA:2,(anonymous_0)
FNDA:2,(anonymous_1)
FNDA:2,(anonymous_2)
DA:1,1
DA:2,1
DA:3,1
DA:5,1
DA:7,2
DA:8,1
DA:12,2
DA:13,2
DA:14,2
DA:18,2
DA:19,2
DA:20,1
DA:24,1
LF:13
LH:13
BRF:0
BRH:0
end_of_record
TN:
SF:middleware\authMiddleware.js
FN:4,(anonymous_0)
FNF:1
FNH:1
FNDA:6,(anonymous_0)
DA:1,1
DA:2,1
DA:4,1
DA:5,6
DA:7,6
DA:8,1
DA:11,5
DA:12,5
DA:13,1
DA:17,4
DA:20,3
DA:21,2
DA:22,1
DA:25,1
DA:26,1
DA:28,2
DA:32,1
LF:17
LH:17
BRDA:7,0,0,1
BRDA:7,0,1,5
BRDA:12,1,0,1
BRDA:12,1,1,4
BRDA:21,2,0,1
BRDA:21,2,1,1
BRF:6
BRH:6
end_of_record
TN:
SF:models\artistModel.js
FNF:0
FNH:0
DA:1,1
DA:3,1
DA:22,1
LF:3
LH:3
BRF:0
BRH:0
end_of_record
TN:
SF:models\collaborationModel.js
FNF:0
FNH:0
DA:1,1
DA:4,1
DA:14,1
LF:3
LH:3
BRF:0
BRH:0
end_of_record
TN:
SF:models\managerModel.js
FNF:0
FNH:0
DA:1,1
DA:3,1
DA:18,1
LF:3
LH:3
BRF:0
BRH:0
end_of_record
TN:
SF:models\notificationModel.js
FN:18,(anonymous_0)
FNF:1
FNH:1
FNDA:1,(anonymous_0)
DA:1,1
DA:3,1
DA:17,1
DA:19,1
DA:20,1
DA:23,1
LF:6
LH:6
BRF:0
BRH:0
end_of_record
TN:
SF:models\songModel.js
FN:20,(anonymous_0)
FN:27,(anonymous_1)
FN:37,(anonymous_2)
FNF:3
FNH:3
FNDA:12,(anonymous_0)
FNDA:3,(anonymous_1)
FNDA:15,(anonymous_2)
DA:2,1
DA:3,1
DA:5,1
DA:20,1
DA:21,12
DA:22,12
DA:27,1
DA:28,3
DA:29,3
DA:30,3
DA:37,1
DA:38,15
DA:45,15
DA:52,15
DA:53,15
DA:55,15
DA:65,1
LF:17
LH:17
BRDA:28,0,0,3
BRDA:28,0,1,0
BRDA:52,1,0,15
BRDA:52,1,1,0
BRDA:53,2,0,15
BRDA:53,2,1,0
BRDA:65,3,0,1
BRDA:65,3,1,1
BRF:8
BRH:5
end_of_record
TN:
SF:models\userModel.js
FNF:0
FNH:0
DA:1,1
DA:3,1
DA:13,1
LF:3
LH:3
BRF:0
BRH:0
end_of_record
TN:
SF:repositories\collaborationRepository.js
FN:8,(anonymous_0)
FN:14,(anonymous_1)
FN:22,(anonymous_2)
FN:27,(anonymous_3)
FN:32,(anonymous_4)
FN:40,(anonymous_5)
FN:50,(anonymous_6)
FN:59,(anonymous_7)
FNF:8
FNH:8
FNDA:2,(anonymous_0)
FNDA:2,(anonymous_1)
FNDA:2,(anonymous_2)
FNDA:1,(anonymous_3)
FNDA:2,(anonymous_4)
FNDA:1,(anonymous_5)
FNDA:1,(anonymous_6)
FNDA:3,(anonymous_7)
DA:1,1
DA:2,1
DA:3,1
DA:4,1
DA:9,2
DA:10,2
DA:15,2
DA:16,2
DA:23,2
DA:29,1
DA:33,2
DA:41,1
DA:51,1
DA:60,3
DA:61,3
DA:62,1
DA:65,2
DA:67,1
DA:70,1
DA:74,1
DA:76,1
DA:77,1
DA:79,1
DA:81,1
DA:82,1
DA:88,1
LF:26
LH:26
BRDA:15,0,0,1
BRDA:15,0,1,1
BRDA:61,1,0,1
BRDA:61,1,1,2
BRDA:65,2,0,1
BRDA:65,2,1,1
BRDA:79,3,0,1
BRDA:79,3,1,0
BRF:8
BRH:7
end_of_record
TN:
SF:repositories\notificationRepository.js
FN:6,(anonymous_0)
FN:12,(anonymous_1)
FN:17,(anonymous_2)
FNF:3
FNH:3
FNDA:13,(anonymous_0)
FNDA:7,(anonymous_1)
FNDA:4,(anonymous_2)
DA:2,1
DA:7,13
DA:8,13
DA:13,7
DA:18,4
DA:19,4
DA:24,3
DA:25,2
DA:26,2
DA:30,1
DA:34,1
LF:11
LH:11
BRDA:24,0,0,1
BRDA:24,0,1,2
BRF:2
BRH:2
end_of_record
TN:
SF:services\collaborationService.js
FN:4,(anonymous_0)
FN:8,(anonymous_1)
FN:12,(anonymous_2)
FN:17,(anonymous_3)
FN:43,(anonymous_4)
FN:47,(anonymous_5)
FNF:6
FNH:6
FNDA:19,(anonymous_0)
FNDA:2,(anonymous_1)
FNDA:1,(anonymous_2)
FNDA:5,(anonymous_3)
FNDA:4,(anonymous_4)
FNDA:6,(anonymous_5)
DA:1,1
DA:5,19
DA:9,2
DA:13,1
DA:19,5
DA:20,5
DA:22,4
DA:23,2
DA:26,2
DA:29,1
DA:32,1
DA:36,2
DA:39,2
DA:44,4
DA:48,6
DA:52,1
LF:16
LH:16
BRDA:20,0,0,1
BRDA:20,0,1,4
BRDA:22,1,0,2
BRDA:22,1,1,2
BRF:4
BRH:4
end_of_record
TN:
SF:services\notificationService.js
FN:5,(anonymous_0)
FN:10,(anonymous_1)
FN:16,(anonymous_2)
FN:22,(anonymous_3)
FNF:4
FNH:4
FNDA:8,(anonymous_0)
FNDA:1,(anonymous_1)
FNDA:3,(anonymous_2)
FNDA:3,(anonymous_3)
DA:2,1
DA:6,8
DA:12,1
DA:18,3
DA:24,3
DA:28,1
LF:6
LH:6
BRF:0
BRH:0
end_of_record
