{"C:\\for final deployment monday\\RMS_finalCut\\frontend\\src\\components\\commonComponents\\SearchBar.jsx": {"path":"C:\\for final deployment monday\\RMS_finalCut\\frontend\\src\\components\\commonComponents\\SearchBar.jsx","all":false,"statementMap":{"0":{"start":{"line":1,"column":0},"end":{"line":1,"column":40}},"2":{"start":{"line":3,"column":0},"end":{"line":3,"column":37}},"3":{"start":{"line":4,"column":0},"end":{"line":4,"column":53}},"5":{"start":{"line":6,"column":0},"end":{"line":6,"column":37}},"6":{"start":{"line":7,"column":0},"end":{"line":7,"column":41}},"7":{"start":{"line":8,"column":0},"end":{"line":8,"column":29}},"8":{"start":{"line":9,"column":0},"end":{"line":9,"column":24}},"9":{"start":{"line":10,"column":0},"end":{"line":10,"column":6}},"11":{"start":{"line":12,"column":0},"end":{"line":12,"column":12}},"12":{"start":{"line":13,"column":0},"end":{"line":13,"column":14}},"13":{"start":{"line":14,"column":0},"end":{"line":14,"column":23}},"14":{"start":{"line":15,"column":0},"end":{"line":15,"column":40}},"15":{"start":{"line":16,"column":0},"end":{"line":16,"column":30}},"16":{"start":{"line":17,"column":0},"end":{"line":17,"column":35}},"17":{"start":{"line":18,"column":0},"end":{"line":18,"column":67}},"18":{"start":{"line":19,"column":0},"end":{"line":19,"column":10}},"20":{"start":{"line":21,"column":0},"end":{"line":21,"column":2}},"22":{"start":{"line":23,"column":0},"end":{"line":23,"column":25}}},"s":{"0":1,"2":1,"3":31,"5":31,"6":3,"7":3,"8":3,"9":3,"11":31,"12":31,"13":31,"14":31,"15":31,"16":31,"17":31,"18":31,"20":31,"22":1},"branchMap":{"0":{"type":"branch","line":3,"loc":{"start":{"line":3,"column":18},"end":{"line":21,"column":2}},"locations":[{"start":{"line":3,"column":18},"end":{"line":21,"column":2}}]},"1":{"type":"branch","line":6,"loc":{"start":{"line":6,"column":25},"end":{"line":10,"column":6}},"locations":[{"start":{"line":6,"column":25},"end":{"line":10,"column":6}}]}},"b":{"0":[31],"1":[3]},"fnMap":{"0":{"name":"SearchBar","decl":{"start":{"line":3,"column":18},"end":{"line":21,"column":2}},"loc":{"start":{"line":3,"column":18},"end":{"line":21,"column":2}},"line":3},"1":{"name":"handleSearch","decl":{"start":{"line":6,"column":25},"end":{"line":10,"column":6}},"loc":{"start":{"line":6,"column":25},"end":{"line":10,"column":6}},"line":6}},"f":{"0":31,"1":3}}
,"C:\\for final deployment monday\\RMS_finalCut\\frontend\\src\\components\\dashboard\\artistPages\\RequestManagerList.jsx": {"path":"C:\\for final deployment monday\\RMS_finalCut\\frontend\\src\\components\\dashboard\\artistPages\\RequestManagerList.jsx","all":false,"statementMap":{"0":{"start":{"line":1,"column":0},"end":{"line":1,"column":51}},"1":{"start":{"line":2,"column":0},"end":{"line":2,"column":55}},"2":{"start":{"line":3,"column":0},"end":{"line":3,"column":72}},"3":{"start":{"line":4,"column":0},"end":{"line":4,"column":77}},"4":{"start":{"line":5,"column":0},"end":{"line":5,"column":116}},"5":{"start":{"line":6,"column":0},"end":{"line":6,"column":57}},"7":{"start":{"line":8,"column":0},"end":{"line":8,"column":34}},"8":{"start":{"line":9,"column":0},"end":{"line":9,"column":33}},"9":{"start":{"line":10,"column":0},"end":{"line":10,"column":44}},"10":{"start":{"line":11,"column":0},"end":{"line":11,"column":50}},"11":{"start":{"line":12,"column":0},"end":{"line":12,"column":48}},"12":{"start":{"line":13,"column":0},"end":{"line":13,"column":61}},"13":{"start":{"line":14,"column":0},"end":{"line":14,"column":51}},"14":{"start":{"line":15,"column":0},"end":{"line":15,"column":68}},"17":{"start":{"line":18,"column":0},"end":{"line":18,"column":19}},"18":{"start":{"line":19,"column":0},"end":{"line":19,"column":28}},"19":{"start":{"line":20,"column":0},"end":{"line":20,"column":33}},"20":{"start":{"line":21,"column":0},"end":{"line":21,"column":5}},"21":{"start":{"line":22,"column":0},"end":{"line":22,"column":17}},"23":{"start":{"line":24,"column":0},"end":{"line":24,"column":19}},"24":{"start":{"line":25,"column":0},"end":{"line":25,"column":29}},"25":{"start":{"line":26,"column":0},"end":{"line":26,"column":47}},"26":{"start":{"line":27,"column":0},"end":{"line":27,"column":13}},"27":{"start":{"line":28,"column":0},"end":{"line":28,"column":27}},"29":{"start":{"line":30,"column":0},"end":{"line":30,"column":97}},"30":{"start":{"line":31,"column":0},"end":{"line":31,"column":86}},"31":{"start":{"line":32,"column":0},"end":{"line":32,"column":45}},"32":{"start":{"line":33,"column":0},"end":{"line":33,"column":25}},"33":{"start":{"line":34,"column":0},"end":{"line":34,"column":73}},"34":{"start":{"line":35,"column":0},"end":{"line":35,"column":19}},"35":{"start":{"line":36,"column":0},"end":{"line":36,"column":28}},"36":{"start":{"line":37,"column":0},"end":{"line":37,"column":9}},"37":{"start":{"line":38,"column":0},"end":{"line":38,"column":8}},"38":{"start":{"line":39,"column":0},"end":{"line":39,"column":28}},"39":{"start":{"line":40,"column":0},"end":{"line":40,"column":5}},"40":{"start":{"line":41,"column":0},"end":{"line":41,"column":36}},"42":{"start":{"line":43,"column":0},"end":{"line":43,"column":65}},"43":{"start":{"line":44,"column":0},"end":{"line":44,"column":52}},"45":{"start":{"line":46,"column":0},"end":{"line":46,"column":9}},"46":{"start":{"line":47,"column":0},"end":{"line":47,"column":79}},"47":{"start":{"line":48,"column":0},"end":{"line":48,"column":30}},"48":{"start":{"line":49,"column":0},"end":{"line":49,"column":60}},"49":{"start":{"line":50,"column":0},"end":{"line":50,"column":31}},"50":{"start":{"line":51,"column":0},"end":{"line":51,"column":24}},"51":{"start":{"line":52,"column":0},"end":{"line":52,"column":67}},"52":{"start":{"line":53,"column":0},"end":{"line":53,"column":32}},"53":{"start":{"line":54,"column":0},"end":{"line":54,"column":10}},"54":{"start":{"line":55,"column":0},"end":{"line":55,"column":7}},"55":{"start":{"line":56,"column":0},"end":{"line":56,"column":21}},"56":{"start":{"line":57,"column":0},"end":{"line":57,"column":67}},"57":{"start":{"line":58,"column":0},"end":{"line":58,"column":5}},"58":{"start":{"line":59,"column":0},"end":{"line":59,"column":4}},"60":{"start":{"line":61,"column":0},"end":{"line":61,"column":55}},"61":{"start":{"line":62,"column":0},"end":{"line":62,"column":69}},"62":{"start":{"line":63,"column":0},"end":{"line":63,"column":4}},"64":{"start":{"line":65,"column":0},"end":{"line":65,"column":10}},"65":{"start":{"line":66,"column":0},"end":{"line":66,"column":50}},"66":{"start":{"line":67,"column":0},"end":{"line":67,"column":72}},"68":{"start":{"line":69,"column":0},"end":{"line":69,"column":11}},"70":{"start":{"line":71,"column":0},"end":{"line":71,"column":48}},"72":{"start":{"line":73,"column":0},"end":{"line":73,"column":46}},"73":{"start":{"line":74,"column":0},"end":{"line":74,"column":12}},"75":{"start":{"line":76,"column":0},"end":{"line":76,"column":29}},"76":{"start":{"line":77,"column":0},"end":{"line":77,"column":67}},"78":{"start":{"line":79,"column":0},"end":{"line":79,"column":12}},"81":{"start":{"line":82,"column":0},"end":{"line":82,"column":48}},"82":{"start":{"line":83,"column":0},"end":{"line":83,"column":67}},"84":{"start":{"line":85,"column":0},"end":{"line":85,"column":12}},"87":{"start":{"line":88,"column":0},"end":{"line":88,"column":18}},"88":{"start":{"line":89,"column":0},"end":{"line":89,"column":72}},"90":{"start":{"line":91,"column":0},"end":{"line":91,"column":78}},"91":{"start":{"line":92,"column":0},"end":{"line":92,"column":43}},"92":{"start":{"line":93,"column":0},"end":{"line":93,"column":47}},"93":{"start":{"line":94,"column":0},"end":{"line":94,"column":18}},"94":{"start":{"line":95,"column":0},"end":{"line":95,"column":34}},"95":{"start":{"line":96,"column":0},"end":{"line":96,"column":148}},"97":{"start":{"line":98,"column":0},"end":{"line":98,"column":85}},"98":{"start":{"line":99,"column":0},"end":{"line":99,"column":37}},"99":{"start":{"line":100,"column":0},"end":{"line":100,"column":21}},"101":{"start":{"line":102,"column":0},"end":{"line":102,"column":57}},"102":{"start":{"line":103,"column":0},"end":{"line":103,"column":65}},"103":{"start":{"line":104,"column":0},"end":{"line":104,"column":72}},"104":{"start":{"line":105,"column":0},"end":{"line":105,"column":69}},"105":{"start":{"line":106,"column":0},"end":{"line":106,"column":97}},"106":{"start":{"line":107,"column":0},"end":{"line":107,"column":92}},"107":{"start":{"line":108,"column":0},"end":{"line":108,"column":77}},"108":{"start":{"line":109,"column":0},"end":{"line":109,"column":22}},"110":{"start":{"line":111,"column":0},"end":{"line":111,"column":40}},"111":{"start":{"line":112,"column":0},"end":{"line":112,"column":67}},"112":{"start":{"line":113,"column":0},"end":{"line":113,"column":41}},"113":{"start":{"line":114,"column":0},"end":{"line":114,"column":29}},"114":{"start":{"line":115,"column":0},"end":{"line":115,"column":91}},"115":{"start":{"line":116,"column":0},"end":{"line":116,"column":146}},"116":{"start":{"line":117,"column":0},"end":{"line":117,"column":23}},"118":{"start":{"line":119,"column":0},"end":{"line":119,"column":31}},"121":{"start":{"line":122,"column":0},"end":{"line":122,"column":86}},"122":{"start":{"line":123,"column":0},"end":{"line":123,"column":29}},"123":{"start":{"line":124,"column":0},"end":{"line":124,"column":119}},"124":{"start":{"line":125,"column":0},"end":{"line":125,"column":32}},"125":{"start":{"line":126,"column":0},"end":{"line":126,"column":23}},"127":{"start":{"line":128,"column":0},"end":{"line":128,"column":31}},"130":{"start":{"line":131,"column":0},"end":{"line":131,"column":85}},"131":{"start":{"line":132,"column":0},"end":{"line":132,"column":103}},"133":{"start":{"line":134,"column":0},"end":{"line":134,"column":24}},"135":{"start":{"line":136,"column":0},"end":{"line":136,"column":20}},"136":{"start":{"line":137,"column":0},"end":{"line":137,"column":14}},"138":{"start":{"line":139,"column":0},"end":{"line":139,"column":67}},"139":{"start":{"line":140,"column":0},"end":{"line":140,"column":76}},"140":{"start":{"line":141,"column":0},"end":{"line":141,"column":16}},"142":{"start":{"line":143,"column":0},"end":{"line":143,"column":14}},"144":{"start":{"line":145,"column":0},"end":{"line":145,"column":10}},"146":{"start":{"line":147,"column":0},"end":{"line":147,"column":2}},"148":{"start":{"line":149,"column":0},"end":{"line":149,"column":34}}},"s":{"0":1,"1":1,"2":1,"3":1,"4":1,"5":1,"7":1,"8":32,"9":32,"10":32,"11":32,"12":32,"13":32,"14":32,"17":32,"18":9,"19":1,"20":1,"21":32,"23":32,"24":10,"25":9,"26":9,"27":9,"29":9,"30":9,"31":9,"32":9,"33":1,"34":9,"35":9,"36":9,"37":9,"38":9,"39":9,"40":32,"42":32,"43":2,"45":2,"46":2,"47":2,"48":1,"49":1,"50":1,"51":1,"52":1,"53":1,"54":1,"55":2,"56":1,"57":1,"58":2,"60":32,"61":56,"62":32,"64":32,"65":32,"66":32,"68":32,"70":32,"72":32,"73":32,"75":32,"76":2,"78":2,"81":32,"82":2,"84":2,"87":32,"88":9,"90":22,"91":22,"92":19,"93":37,"94":37,"95":37,"97":37,"98":37,"99":37,"101":37,"102":37,"103":37,"104":37,"105":37,"106":37,"107":37,"108":37,"110":37,"111":35,"112":35,"113":31,"114":31,"115":31,"116":31,"118":31,"121":35,"122":2,"123":2,"124":2,"125":2,"127":2,"130":35,"131":2,"133":35,"135":37,"136":19,"138":3,"139":3,"140":3,"142":22,"144":32,"146":32,"148":1},"branchMap":{"0":{"type":"branch","line":8,"loc":{"start":{"line":8,"column":27},"end":{"line":147,"column":2}},"locations":[{"start":{"line":8,"column":27},"end":{"line":147,"column":2}}]},"1":{"type":"branch","line":76,"loc":{"start":{"line":76,"column":7},"end":{"line":79,"column":12}},"locations":[{"start":{"line":76,"column":7},"end":{"line":79,"column":12}}]},"2":{"type":"branch","line":82,"loc":{"start":{"line":82,"column":7},"end":{"line":82,"column":48}},"locations":[{"start":{"line":82,"column":7},"end":{"line":82,"column":48}}]},"3":{"type":"branch","line":82,"loc":{"start":{"line":82,"column":26},"end":{"line":85,"column":12}},"locations":[{"start":{"line":82,"column":26},"end":{"line":85,"column":12}}]},"4":{"type":"branch","line":88,"loc":{"start":{"line":88,"column":7},"end":{"line":89,"column":72}},"locations":[{"start":{"line":88,"column":7},"end":{"line":89,"column":72}}]},"5":{"type":"branch","line":89,"loc":{"start":{"line":89,"column":68},"end":{"line":143,"column":14}},"locations":[{"start":{"line":89,"column":68},"end":{"line":143,"column":14}}]},"6":{"type":"branch","line":92,"loc":{"start":{"line":92,"column":38},"end":{"line":137,"column":14}},"locations":[{"start":{"line":92,"column":38},"end":{"line":137,"column":14}}]},"7":{"type":"branch","line":137,"loc":{"start":{"line":137,"column":13},"end":{"line":141,"column":16}},"locations":[{"start":{"line":137,"column":13},"end":{"line":141,"column":16}}]},"8":{"type":"branch","line":140,"loc":{"start":{"line":140,"column":15},"end":{"line":140,"column":51}},"locations":[{"start":{"line":140,"column":15},"end":{"line":140,"column":51}}]},"9":{"type":"branch","line":140,"loc":{"start":{"line":140,"column":28},"end":{"line":140,"column":76}},"locations":[{"start":{"line":140,"column":28},"end":{"line":140,"column":76}}]},"10":{"type":"branch","line":18,"loc":{"start":{"line":18,"column":12},"end":{"line":22,"column":5}},"locations":[{"start":{"line":18,"column":12},"end":{"line":22,"column":5}}]},"11":{"type":"branch","line":19,"loc":{"start":{"line":19,"column":27},"end":{"line":21,"column":5}},"locations":[{"start":{"line":19,"column":27},"end":{"line":21,"column":5}}]},"12":{"type":"branch","line":24,"loc":{"start":{"line":24,"column":12},"end":{"line":41,"column":5}},"locations":[{"start":{"line":24,"column":12},"end":{"line":41,"column":5}}]},"13":{"type":"branch","line":25,"loc":{"start":{"line":25,"column":28},"end":{"line":40,"column":5}},"locations":[{"start":{"line":25,"column":28},"end":{"line":40,"column":5}}]},"14":{"type":"branch","line":26,"loc":{"start":{"line":26,"column":34},"end":{"line":38,"column":8}},"locations":[{"start":{"line":26,"column":34},"end":{"line":38,"column":8}}]},"15":{"type":"branch","line":30,"loc":{"start":{"line":30,"column":95},"end":{"line":31,"column":47}},"locations":[{"start":{"line":30,"column":95},"end":{"line":31,"column":47}}]},"16":{"type":"branch","line":32,"loc":{"start":{"line":32,"column":28},"end":{"line":32,"column":43}},"locations":[{"start":{"line":32,"column":28},"end":{"line":32,"column":43}}]},"17":{"type":"branch","line":33,"loc":{"start":{"line":33,"column":8},"end":{"line":35,"column":10}},"locations":[{"start":{"line":33,"column":8},"end":{"line":35,"column":10}}]},"18":{"type":"branch","line":31,"loc":{"start":{"line":31,"column":47},"end":{"line":31,"column":84}},"locations":[{"start":{"line":31,"column":47},"end":{"line":31,"column":84}}]},"19":{"type":"branch","line":43,"loc":{"start":{"line":43,"column":28},"end":{"line":59,"column":4}},"locations":[{"start":{"line":43,"column":28},"end":{"line":59,"column":4}}]},"20":{"type":"branch","line":44,"loc":{"start":{"line":44,"column":45},"end":{"line":44,"column":52}},"locations":[{"start":{"line":44,"column":45},"end":{"line":44,"column":52}}]},"21":{"type":"branch","line":47,"loc":{"start":{"line":47,"column":77},"end":{"line":48,"column":29}},"locations":[{"start":{"line":47,"column":77},"end":{"line":48,"column":29}}]},"22":{"type":"branch","line":48,"loc":{"start":{"line":48,"column":29},"end":{"line":55,"column":7}},"locations":[{"start":{"line":48,"column":29},"end":{"line":55,"column":7}}]},"23":{"type":"branch","line":56,"loc":{"start":{"line":56,"column":4},"end":{"line":58,"column":5}},"locations":[{"start":{"line":56,"column":4},"end":{"line":58,"column":5}}]},"24":{"type":"branch","line":61,"loc":{"start":{"line":61,"column":43},"end":{"line":62,"column":69}},"locations":[{"start":{"line":61,"column":43},"end":{"line":62,"column":69}}]},"25":{"type":"branch","line":93,"loc":{"start":{"line":93,"column":33},"end":{"line":136,"column":20}},"locations":[{"start":{"line":93,"column":33},"end":{"line":136,"column":20}}]},"26":{"type":"branch","line":111,"loc":{"start":{"line":111,"column":18},"end":{"line":134,"column":24}},"locations":[{"start":{"line":111,"column":18},"end":{"line":134,"column":24}}]},"27":{"type":"branch","line":113,"loc":{"start":{"line":113,"column":22},"end":{"line":119,"column":31}},"locations":[{"start":{"line":113,"column":22},"end":{"line":119,"column":31}}]},"28":{"type":"branch","line":122,"loc":{"start":{"line":122,"column":21},"end":{"line":122,"column":86}},"locations":[{"start":{"line":122,"column":21},"end":{"line":122,"column":86}}]},"29":{"type":"branch","line":122,"loc":{"start":{"line":122,"column":78},"end":{"line":128,"column":31}},"locations":[{"start":{"line":122,"column":78},"end":{"line":128,"column":31}}]},"30":{"type":"branch","line":131,"loc":{"start":{"line":131,"column":21},"end":{"line":131,"column":85}},"locations":[{"start":{"line":131,"column":21},"end":{"line":131,"column":85}}]},"31":{"type":"branch","line":131,"loc":{"start":{"line":131,"column":77},"end":{"line":132,"column":103}},"locations":[{"start":{"line":131,"column":77},"end":{"line":132,"column":103}}]},"32":{"type":"branch","line":115,"loc":{"start":{"line":115,"column":33},"end":{"line":115,"column":91}},"locations":[{"start":{"line":115,"column":33},"end":{"line":115,"column":91}}]}},"b":{"0":[32],"1":[2],"2":[2],"3":[2],"4":[9],"5":[22],"6":[19],"7":[3],"8":[1],"9":[2],"10":[9],"11":[1],"12":[10],"13":[9],"14":[9],"15":[8],"16":[7],"17":[1],"18":[1],"19":[2],"20":[0],"21":[1],"22":[1],"23":[1],"24":[56],"25":[37],"26":[35],"27":[31],"28":[4],"29":[2],"30":[4],"31":[2],"32":[2]},"fnMap":{"0":{"name":"RequestManagerList","decl":{"start":{"line":8,"column":27},"end":{"line":147,"column":2}},"loc":{"start":{"line":8,"column":27},"end":{"line":147,"column":2}},"line":8},"1":{"name":"fetchPendingRequest","decl":{"start":{"line":26,"column":34},"end":{"line":38,"column":8}},"loc":{"start":{"line":26,"column":34},"end":{"line":38,"column":8}},"line":26},"2":{"name":"handleSendRequest","decl":{"start":{"line":43,"column":28},"end":{"line":59,"column":4}},"loc":{"start":{"line":43,"column":28},"end":{"line":59,"column":4}},"line":43},"3":{"name":"onClick","decl":{"start":{"line":115,"column":33},"end":{"line":115,"column":91}},"loc":{"start":{"line":115,"column":33},"end":{"line":115,"column":91}},"line":115}},"f":{"0":32,"1":9,"2":2,"3":2}}
,"C:\\for final deployment monday\\RMS_finalCut\\frontend\\src\\context\\ArtistsManagersContext.jsx": {"path":"C:\\for final deployment monday\\RMS_finalCut\\frontend\\src\\context\\ArtistsManagersContext.jsx","all":false,"statementMap":{"0":{"start":{"line":1,"column":0},"end":{"line":1,"column":71}},"1":{"start":{"line":2,"column":0},"end":{"line":2,"column":26}},"3":{"start":{"line":4,"column":0},"end":{"line":4,"column":47}},"5":{"start":{"line":6,"column":0},"end":{"line":6,"column":58}},"6":{"start":{"line":7,"column":0},"end":{"line":7,"column":47}},"7":{"start":{"line":8,"column":0},"end":{"line":8,"column":49}},"8":{"start":{"line":9,"column":0},"end":{"line":9,"column":57}},"9":{"start":{"line":10,"column":0},"end":{"line":10,"column":106}},"11":{"start":{"line":12,"column":0},"end":{"line":12,"column":21}},"12":{"start":{"line":13,"column":0},"end":{"line":13,"column":39}},"13":{"start":{"line":14,"column":0},"end":{"line":14,"column":91}},"14":{"start":{"line":15,"column":0},"end":{"line":15,"column":71}},"17":{"start":{"line":18,"column":0},"end":{"line":18,"column":17}},"18":{"start":{"line":19,"column":0},"end":{"line":19,"column":33}},"19":{"start":{"line":20,"column":0},"end":{"line":20,"column":55}},"20":{"start":{"line":21,"column":0},"end":{"line":21,"column":59}},"21":{"start":{"line":22,"column":0},"end":{"line":22,"column":18}},"23":{"start":{"line":24,"column":0},"end":{"line":24,"column":69}},"24":{"start":{"line":25,"column":0},"end":{"line":25,"column":93}},"25":{"start":{"line":26,"column":0},"end":{"line":26,"column":93}},"26":{"start":{"line":27,"column":0},"end":{"line":27,"column":19}},"30":{"start":{"line":31,"column":0},"end":{"line":31,"column":68}},"31":{"start":{"line":32,"column":0},"end":{"line":32,"column":70}},"33":{"start":{"line":34,"column":0},"end":{"line":34,"column":87}},"34":{"start":{"line":35,"column":0},"end":{"line":35,"column":98}},"35":{"start":{"line":36,"column":0},"end":{"line":36,"column":59}},"36":{"start":{"line":37,"column":0},"end":{"line":37,"column":19}},"38":{"start":{"line":39,"column":0},"end":{"line":39,"column":45}},"39":{"start":{"line":40,"column":0},"end":{"line":40,"column":45}},"42":{"start":{"line":43,"column":0},"end":{"line":43,"column":78}},"43":{"start":{"line":44,"column":0},"end":{"line":44,"column":40}},"44":{"start":{"line":45,"column":0},"end":{"line":45,"column":47}},"45":{"start":{"line":46,"column":0},"end":{"line":46,"column":40}},"46":{"start":{"line":47,"column":0},"end":{"line":47,"column":40}},"47":{"start":{"line":48,"column":0},"end":{"line":48,"column":22}},"48":{"start":{"line":49,"column":0},"end":{"line":49,"column":31}},"49":{"start":{"line":50,"column":0},"end":{"line":50,"column":23}},"51":{"start":{"line":52,"column":0},"end":{"line":52,"column":52}},"52":{"start":{"line":53,"column":0},"end":{"line":53,"column":72}},"53":{"start":{"line":54,"column":0},"end":{"line":54,"column":93}},"54":{"start":{"line":55,"column":0},"end":{"line":55,"column":92}},"55":{"start":{"line":56,"column":0},"end":{"line":56,"column":21}},"56":{"start":{"line":57,"column":0},"end":{"line":57,"column":19}},"58":{"start":{"line":59,"column":0},"end":{"line":59,"column":89}},"59":{"start":{"line":60,"column":0},"end":{"line":60,"column":98}},"60":{"start":{"line":61,"column":0},"end":{"line":61,"column":59}},"61":{"start":{"line":62,"column":0},"end":{"line":62,"column":19}},"65":{"start":{"line":66,"column":0},"end":{"line":66,"column":55}},"66":{"start":{"line":67,"column":0},"end":{"line":67,"column":29}},"67":{"start":{"line":68,"column":0},"end":{"line":68,"column":77}},"68":{"start":{"line":69,"column":0},"end":{"line":69,"column":13}},"69":{"start":{"line":70,"column":0},"end":{"line":70,"column":10}},"71":{"start":{"line":72,"column":0},"end":{"line":72,"column":20}},"73":{"start":{"line":74,"column":0},"end":{"line":74,"column":76}},"75":{"start":{"line":76,"column":0},"end":{"line":76,"column":67}},"77":{"start":{"line":78,"column":0},"end":{"line":78,"column":53}},"80":{"start":{"line":81,"column":0},"end":{"line":81,"column":21}},"81":{"start":{"line":82,"column":0},"end":{"line":82,"column":44}},"82":{"start":{"line":83,"column":0},"end":{"line":83,"column":61}},"83":{"start":{"line":84,"column":0},"end":{"line":84,"column":37}},"84":{"start":{"line":85,"column":0},"end":{"line":85,"column":35}},"85":{"start":{"line":86,"column":0},"end":{"line":86,"column":13}},"86":{"start":{"line":87,"column":0},"end":{"line":87,"column":58}},"88":{"start":{"line":89,"column":0},"end":{"line":89,"column":45}},"89":{"start":{"line":90,"column":0},"end":{"line":90,"column":16}},"91":{"start":{"line":92,"column":0},"end":{"line":92,"column":12}},"92":{"start":{"line":93,"column":0},"end":{"line":93,"column":85}},"93":{"start":{"line":94,"column":0},"end":{"line":94,"column":22}},"94":{"start":{"line":95,"column":0},"end":{"line":95,"column":42}},"96":{"start":{"line":97,"column":0},"end":{"line":97,"column":2}},"98":{"start":{"line":99,"column":0},"end":{"line":99,"column":75}}},"s":{"0":1,"1":1,"3":1,"5":1,"6":0,"7":0,"8":0,"9":0,"11":0,"12":0,"13":0,"14":0,"17":0,"18":0,"19":0,"20":0,"21":0,"23":0,"24":0,"25":0,"26":0,"30":0,"31":0,"33":0,"34":0,"35":0,"36":0,"38":0,"39":0,"42":0,"43":0,"44":0,"45":0,"46":0,"47":0,"48":0,"49":0,"51":0,"52":0,"53":0,"54":0,"55":0,"56":0,"58":0,"59":0,"60":0,"61":0,"65":0,"66":0,"67":0,"68":0,"69":0,"71":0,"73":0,"75":0,"77":0,"80":0,"81":0,"82":0,"83":0,"84":0,"85":0,"86":0,"88":0,"89":0,"91":0,"92":0,"93":0,"94":0,"96":0,"98":1},"branchMap":{},"b":{},"fnMap":{"0":{"name":"ArtistsManagersProvider","decl":{"start":{"line":6,"column":39},"end":{"line":97,"column":2}},"loc":{"start":{"line":6,"column":39},"end":{"line":97,"column":2}},"line":6},"1":{"name":"useArtistsManagers","decl":{"start":{"line":99,"column":34},"end":{"line":99,"column":75}},"loc":{"start":{"line":99,"column":34},"end":{"line":99,"column":75}},"line":99}},"f":{"0":0,"1":0}}
,"C:\\for final deployment monday\\RMS_finalCut\\frontend\\src\\context\\NotificationContext.jsx": {"path":"C:\\for final deployment monday\\RMS_finalCut\\frontend\\src\\context\\NotificationContext.jsx","all":false,"statementMap":{"0":{"start":{"line":1,"column":0},"end":{"line":1,"column":71}},"1":{"start":{"line":2,"column":0},"end":{"line":2,"column":26}},"2":{"start":{"line":3,"column":0},"end":{"line":3,"column":40}},"4":{"start":{"line":5,"column":0},"end":{"line":5,"column":44}},"6":{"start":{"line":7,"column":0},"end":{"line":7,"column":55}},"7":{"start":{"line":8,"column":0},"end":{"line":8,"column":29}},"8":{"start":{"line":9,"column":0},"end":{"line":9,"column":57}},"9":{"start":{"line":10,"column":0},"end":{"line":10,"column":47}},"10":{"start":{"line":11,"column":0},"end":{"line":11,"column":48}},"13":{"start":{"line":14,"column":0},"end":{"line":14,"column":19}},"14":{"start":{"line":15,"column":0},"end":{"line":15,"column":15}},"15":{"start":{"line":16,"column":0},"end":{"line":16,"column":44}},"17":{"start":{"line":18,"column":0},"end":{"line":18,"column":42}},"18":{"start":{"line":19,"column":0},"end":{"line":19,"column":53}},"19":{"start":{"line":20,"column":0},"end":{"line":20,"column":31}},"20":{"start":{"line":21,"column":0},"end":{"line":21,"column":9}},"21":{"start":{"line":22,"column":0},"end":{"line":22,"column":15}},"23":{"start":{"line":24,"column":0},"end":{"line":24,"column":44}},"24":{"start":{"line":25,"column":0},"end":{"line":25,"column":5}},"25":{"start":{"line":26,"column":0},"end":{"line":26,"column":13}},"27":{"start":{"line":28,"column":0},"end":{"line":28,"column":42}},"28":{"start":{"line":29,"column":0},"end":{"line":29,"column":9}},"29":{"start":{"line":30,"column":0},"end":{"line":30,"column":97}},"30":{"start":{"line":31,"column":0},"end":{"line":31,"column":18}},"31":{"start":{"line":32,"column":0},"end":{"line":32,"column":47}},"32":{"start":{"line":33,"column":0},"end":{"line":33,"column":45}},"33":{"start":{"line":34,"column":0},"end":{"line":34,"column":10}},"34":{"start":{"line":35,"column":0},"end":{"line":35,"column":7}},"35":{"start":{"line":36,"column":0},"end":{"line":36,"column":35}},"36":{"start":{"line":37,"column":0},"end":{"line":37,"column":55}},"37":{"start":{"line":38,"column":0},"end":{"line":38,"column":7}},"38":{"start":{"line":39,"column":0},"end":{"line":39,"column":21}},"39":{"start":{"line":40,"column":0},"end":{"line":40,"column":59}},"40":{"start":{"line":41,"column":0},"end":{"line":41,"column":15}},"41":{"start":{"line":42,"column":0},"end":{"line":42,"column":24}},"42":{"start":{"line":43,"column":0},"end":{"line":43,"column":5}},"43":{"start":{"line":44,"column":0},"end":{"line":44,"column":4}},"45":{"start":{"line":46,"column":0},"end":{"line":46,"column":48}},"46":{"start":{"line":47,"column":0},"end":{"line":47,"column":9}},"47":{"start":{"line":48,"column":0},"end":{"line":48,"column":104}},"48":{"start":{"line":49,"column":0},"end":{"line":49,"column":18}},"49":{"start":{"line":50,"column":0},"end":{"line":50,"column":47}},"50":{"start":{"line":51,"column":0},"end":{"line":51,"column":45}},"51":{"start":{"line":52,"column":0},"end":{"line":52,"column":10}},"52":{"start":{"line":53,"column":0},"end":{"line":53,"column":7}},"55":{"start":{"line":56,"column":0},"end":{"line":56,"column":88}},"56":{"start":{"line":57,"column":0},"end":{"line":57,"column":21}},"57":{"start":{"line":58,"column":0},"end":{"line":58,"column":65}},"58":{"start":{"line":59,"column":0},"end":{"line":59,"column":5}},"59":{"start":{"line":60,"column":0},"end":{"line":60,"column":4}},"61":{"start":{"line":62,"column":0},"end":{"line":62,"column":68}},"62":{"start":{"line":63,"column":0},"end":{"line":63,"column":30}},"63":{"start":{"line":64,"column":0},"end":{"line":64,"column":40}},"64":{"start":{"line":65,"column":0},"end":{"line":65,"column":34}},"65":{"start":{"line":66,"column":0},"end":{"line":66,"column":20}},"66":{"start":{"line":67,"column":0},"end":{"line":67,"column":6}},"67":{"start":{"line":68,"column":0},"end":{"line":68,"column":8}},"68":{"start":{"line":69,"column":0},"end":{"line":69,"column":88}},"69":{"start":{"line":70,"column":0},"end":{"line":70,"column":18}},"70":{"start":{"line":71,"column":0},"end":{"line":71,"column":47}},"71":{"start":{"line":72,"column":0},"end":{"line":72,"column":45}},"72":{"start":{"line":73,"column":0},"end":{"line":73,"column":10}},"73":{"start":{"line":74,"column":0},"end":{"line":74,"column":7}},"74":{"start":{"line":75,"column":0},"end":{"line":75,"column":5}},"75":{"start":{"line":76,"column":0},"end":{"line":76,"column":19}},"76":{"start":{"line":77,"column":0},"end":{"line":77,"column":64}},"77":{"start":{"line":78,"column":0},"end":{"line":78,"column":5}},"79":{"start":{"line":80,"column":0},"end":{"line":80,"column":4}},"81":{"start":{"line":82,"column":0},"end":{"line":82,"column":77}},"83":{"start":{"line":84,"column":0},"end":{"line":84,"column":10}},"84":{"start":{"line":85,"column":0},"end":{"line":85,"column":111}},"85":{"start":{"line":86,"column":0},"end":{"line":86,"column":16}},"86":{"start":{"line":87,"column":0},"end":{"line":87,"column":35}},"88":{"start":{"line":89,"column":0},"end":{"line":89,"column":2}},"90":{"start":{"line":91,"column":0},"end":{"line":91,"column":70}}},"s":{"0":1,"1":1,"2":1,"4":1,"6":1,"7":0,"8":0,"9":0,"10":0,"13":0,"14":0,"15":0,"17":0,"18":0,"19":0,"20":0,"21":0,"23":0,"24":0,"25":0,"27":0,"28":0,"29":0,"30":0,"31":0,"32":0,"33":0,"34":0,"35":0,"36":0,"37":0,"38":0,"39":0,"40":0,"41":0,"42":0,"43":0,"45":0,"46":0,"47":0,"48":0,"49":0,"50":0,"51":0,"52":0,"55":0,"56":0,"57":0,"58":0,"59":0,"61":0,"62":0,"63":0,"64":0,"65":0,"66":0,"67":0,"68":0,"69":0,"70":0,"71":0,"72":0,"73":0,"74":0,"75":0,"76":0,"77":0,"79":0,"81":0,"83":0,"84":0,"85":0,"86":0,"88":0,"90":1},"branchMap":{},"b":{},"fnMap":{"0":{"name":"NotificationProvider","decl":{"start":{"line":7,"column":36},"end":{"line":89,"column":2}},"loc":{"start":{"line":7,"column":36},"end":{"line":89,"column":2}},"line":7},"1":{"name":"useNotifications","decl":{"start":{"line":91,"column":32},"end":{"line":91,"column":70}},"loc":{"start":{"line":91,"column":32},"end":{"line":91,"column":70}},"line":91}},"f":{"0":0,"1":0}}
,"C:\\for final deployment monday\\RMS_finalCut\\frontend\\src\\context\\authContext.jsx": {"path":"C:\\for final deployment monday\\RMS_finalCut\\frontend\\src\\context\\authContext.jsx","all":false,"statementMap":{"0":{"start":{"line":1,"column":0},"end":{"line":1,"column":78}},"1":{"start":{"line":2,"column":0},"end":{"line":2,"column":26}},"3":{"start":{"line":4,"column":0},"end":{"line":4,"column":36}},"5":{"start":{"line":6,"column":0},"end":{"line":6,"column":47}},"6":{"start":{"line":7,"column":0},"end":{"line":7,"column":43}},"7":{"start":{"line":8,"column":0},"end":{"line":8,"column":80}},"8":{"start":{"line":9,"column":0},"end":{"line":9,"column":49}},"10":{"start":{"line":11,"column":0},"end":{"line":11,"column":36}},"11":{"start":{"line":12,"column":0},"end":{"line":12,"column":54}},"12":{"start":{"line":13,"column":0},"end":{"line":13,"column":20}},"13":{"start":{"line":14,"column":0},"end":{"line":14,"column":17}},"14":{"start":{"line":15,"column":0},"end":{"line":15,"column":94}},"15":{"start":{"line":16,"column":0},"end":{"line":16,"column":30}},"16":{"start":{"line":17,"column":0},"end":{"line":17,"column":59}},"17":{"start":{"line":18,"column":0},"end":{"line":18,"column":57}},"18":{"start":{"line":19,"column":0},"end":{"line":19,"column":22}},"19":{"start":{"line":20,"column":0},"end":{"line":20,"column":19}},"21":{"start":{"line":22,"column":0},"end":{"line":22,"column":44}},"22":{"start":{"line":23,"column":0},"end":{"line":23,"column":60}},"23":{"start":{"line":24,"column":0},"end":{"line":24,"column":42}},"25":{"start":{"line":26,"column":0},"end":{"line":26,"column":56}},"26":{"start":{"line":27,"column":0},"end":{"line":27,"column":58}},"27":{"start":{"line":28,"column":0},"end":{"line":28,"column":21}},"28":{"start":{"line":29,"column":0},"end":{"line":29,"column":17}},"29":{"start":{"line":30,"column":0},"end":{"line":30,"column":29}},"30":{"start":{"line":31,"column":0},"end":{"line":31,"column":61}},"31":{"start":{"line":32,"column":0},"end":{"line":32,"column":30}},"32":{"start":{"line":33,"column":0},"end":{"line":33,"column":23}},"33":{"start":{"line":34,"column":0},"end":{"line":34,"column":34}},"34":{"start":{"line":35,"column":0},"end":{"line":35,"column":13}},"35":{"start":{"line":36,"column":0},"end":{"line":36,"column":16}},"36":{"start":{"line":37,"column":0},"end":{"line":37,"column":26}},"37":{"start":{"line":38,"column":0},"end":{"line":38,"column":30}},"38":{"start":{"line":39,"column":0},"end":{"line":39,"column":9}},"39":{"start":{"line":40,"column":0},"end":{"line":40,"column":6}},"41":{"start":{"line":42,"column":0},"end":{"line":42,"column":51}},"42":{"start":{"line":43,"column":0},"end":{"line":43,"column":13}},"43":{"start":{"line":44,"column":0},"end":{"line":44,"column":108}},"44":{"start":{"line":45,"column":0},"end":{"line":45,"column":26}},"45":{"start":{"line":46,"column":0},"end":{"line":46,"column":55}},"46":{"start":{"line":47,"column":0},"end":{"line":47,"column":79}},"47":{"start":{"line":48,"column":0},"end":{"line":48,"column":18}},"48":{"start":{"line":49,"column":0},"end":{"line":49,"column":15}},"49":{"start":{"line":50,"column":0},"end":{"line":50,"column":40}},"50":{"start":{"line":51,"column":0},"end":{"line":51,"column":48}},"51":{"start":{"line":52,"column":0},"end":{"line":52,"column":13}},"52":{"start":{"line":53,"column":0},"end":{"line":53,"column":25}},"53":{"start":{"line":54,"column":0},"end":{"line":54,"column":62}},"54":{"start":{"line":55,"column":0},"end":{"line":55,"column":9}},"55":{"start":{"line":56,"column":0},"end":{"line":56,"column":6}},"57":{"start":{"line":58,"column":0},"end":{"line":58,"column":42}},"58":{"start":{"line":59,"column":0},"end":{"line":59,"column":13}},"59":{"start":{"line":60,"column":0},"end":{"line":60,"column":51}},"60":{"start":{"line":61,"column":0},"end":{"line":61,"column":68}},"61":{"start":{"line":62,"column":0},"end":{"line":62,"column":67}},"62":{"start":{"line":63,"column":0},"end":{"line":63,"column":25}},"63":{"start":{"line":64,"column":0},"end":{"line":64,"column":57}},"64":{"start":{"line":65,"column":0},"end":{"line":65,"column":26}},"65":{"start":{"line":66,"column":0},"end":{"line":66,"column":9}},"66":{"start":{"line":67,"column":0},"end":{"line":67,"column":6}},"68":{"start":{"line":69,"column":0},"end":{"line":69,"column":26}},"69":{"start":{"line":70,"column":0},"end":{"line":70,"column":22}},"70":{"start":{"line":71,"column":0},"end":{"line":71,"column":26}},"71":{"start":{"line":72,"column":0},"end":{"line":72,"column":43}},"72":{"start":{"line":73,"column":0},"end":{"line":73,"column":6}},"75":{"start":{"line":76,"column":0},"end":{"line":76,"column":21}},"76":{"start":{"line":77,"column":0},"end":{"line":77,"column":21}},"77":{"start":{"line":78,"column":0},"end":{"line":78,"column":11}},"79":{"start":{"line":80,"column":0},"end":{"line":80,"column":12}},"80":{"start":{"line":81,"column":0},"end":{"line":81,"column":93}},"81":{"start":{"line":82,"column":0},"end":{"line":82,"column":22}},"82":{"start":{"line":83,"column":0},"end":{"line":83,"column":31}},"84":{"start":{"line":85,"column":0},"end":{"line":85,"column":2}},"86":{"start":{"line":87,"column":0},"end":{"line":87,"column":53}}},"s":{"0":1,"1":1,"3":1,"5":1,"6":0,"7":0,"8":0,"10":0,"11":0,"12":0,"13":0,"14":0,"15":0,"16":0,"17":0,"18":0,"19":0,"21":0,"22":0,"23":0,"25":0,"26":0,"27":0,"28":0,"29":0,"30":0,"31":0,"32":0,"33":0,"34":0,"35":0,"36":0,"37":0,"38":0,"39":0,"41":0,"42":0,"43":0,"44":0,"45":0,"46":0,"47":0,"48":0,"49":0,"50":0,"51":0,"52":0,"53":0,"54":0,"55":0,"57":0,"58":0,"59":0,"60":0,"61":0,"62":0,"63":0,"64":0,"65":0,"66":0,"68":0,"69":0,"70":0,"71":0,"72":0,"75":0,"76":0,"77":0,"79":0,"80":0,"81":0,"82":0,"84":0,"86":1},"branchMap":{},"b":{},"fnMap":{"0":{"name":"AuthProvider","decl":{"start":{"line":6,"column":28},"end":{"line":85,"column":2}},"loc":{"start":{"line":6,"column":28},"end":{"line":85,"column":2}},"line":6},"1":{"name":"useAuth","decl":{"start":{"line":87,"column":23},"end":{"line":87,"column":53}},"loc":{"start":{"line":87,"column":23},"end":{"line":87,"column":53}},"line":87}},"f":{"0":0,"1":0}}
,"C:\\for final deployment monday\\RMS_finalCut\\frontend\\src\\services\\CollaborationService.jsx": {"path":"C:\\for final deployment monday\\RMS_finalCut\\frontend\\src\\services\\CollaborationService.jsx","all":false,"statementMap":{"0":{"start":{"line":1,"column":0},"end":{"line":1,"column":26}},"2":{"start":{"line":3,"column":0},"end":{"line":3,"column":67}},"5":{"start":{"line":6,"column":0},"end":{"line":6,"column":64}},"6":{"start":{"line":7,"column":0},"end":{"line":7,"column":7}},"7":{"start":{"line":8,"column":0},"end":{"line":8,"column":77}},"8":{"start":{"line":9,"column":0},"end":{"line":9,"column":16}},"9":{"start":{"line":10,"column":0},"end":{"line":10,"column":43}},"10":{"start":{"line":11,"column":0},"end":{"line":11,"column":67}},"11":{"start":{"line":12,"column":0},"end":{"line":12,"column":8}},"12":{"start":{"line":13,"column":0},"end":{"line":13,"column":7}},"13":{"start":{"line":14,"column":0},"end":{"line":14,"column":47}},"14":{"start":{"line":15,"column":0},"end":{"line":15,"column":19}},"15":{"start":{"line":16,"column":0},"end":{"line":16,"column":67}},"16":{"start":{"line":17,"column":0},"end":{"line":17,"column":16}},"17":{"start":{"line":18,"column":0},"end":{"line":18,"column":3}},"18":{"start":{"line":19,"column":0},"end":{"line":19,"column":1}},"21":{"start":{"line":22,"column":0},"end":{"line":22,"column":71}},"22":{"start":{"line":23,"column":0},"end":{"line":23,"column":7}},"23":{"start":{"line":24,"column":0},"end":{"line":24,"column":72}},"24":{"start":{"line":25,"column":0},"end":{"line":25,"column":16}},"25":{"start":{"line":26,"column":0},"end":{"line":26,"column":43}},"26":{"start":{"line":27,"column":0},"end":{"line":27,"column":67}},"27":{"start":{"line":28,"column":0},"end":{"line":28,"column":8}},"28":{"start":{"line":29,"column":0},"end":{"line":29,"column":7}},"29":{"start":{"line":30,"column":0},"end":{"line":30,"column":19}},"30":{"start":{"line":31,"column":0},"end":{"line":31,"column":67}},"31":{"start":{"line":32,"column":0},"end":{"line":32,"column":16}},"32":{"start":{"line":33,"column":0},"end":{"line":33,"column":3}},"33":{"start":{"line":34,"column":0},"end":{"line":34,"column":2}},"37":{"start":{"line":38,"column":0},"end":{"line":38,"column":72}},"38":{"start":{"line":39,"column":0},"end":{"line":39,"column":7}},"39":{"start":{"line":40,"column":0},"end":{"line":40,"column":53}},"40":{"start":{"line":41,"column":0},"end":{"line":41,"column":66}},"41":{"start":{"line":42,"column":0},"end":{"line":42,"column":15}},"42":{"start":{"line":43,"column":0},"end":{"line":43,"column":16}},"43":{"start":{"line":44,"column":0},"end":{"line":44,"column":7}},"44":{"start":{"line":45,"column":0},"end":{"line":45,"column":16}},"45":{"start":{"line":46,"column":0},"end":{"line":46,"column":43}},"46":{"start":{"line":47,"column":0},"end":{"line":47,"column":67}},"47":{"start":{"line":48,"column":0},"end":{"line":48,"column":8}},"48":{"start":{"line":49,"column":0},"end":{"line":49,"column":7}},"49":{"start":{"line":50,"column":0},"end":{"line":50,"column":26}},"50":{"start":{"line":51,"column":0},"end":{"line":51,"column":19}},"51":{"start":{"line":52,"column":0},"end":{"line":52,"column":65}},"52":{"start":{"line":53,"column":0},"end":{"line":53,"column":16}},"53":{"start":{"line":54,"column":0},"end":{"line":54,"column":3}},"54":{"start":{"line":55,"column":0},"end":{"line":55,"column":2}},"58":{"start":{"line":59,"column":0},"end":{"line":59,"column":71}},"59":{"start":{"line":60,"column":0},"end":{"line":60,"column":7}},"61":{"start":{"line":62,"column":0},"end":{"line":62,"column":78}},"62":{"start":{"line":63,"column":0},"end":{"line":63,"column":16}},"63":{"start":{"line":64,"column":0},"end":{"line":64,"column":43}},"64":{"start":{"line":65,"column":0},"end":{"line":65,"column":67}},"65":{"start":{"line":66,"column":0},"end":{"line":66,"column":8}},"66":{"start":{"line":67,"column":0},"end":{"line":67,"column":7}},"67":{"start":{"line":68,"column":0},"end":{"line":68,"column":19}},"68":{"start":{"line":69,"column":0},"end":{"line":69,"column":59}},"69":{"start":{"line":70,"column":0},"end":{"line":70,"column":16}},"70":{"start":{"line":71,"column":0},"end":{"line":71,"column":3}},"71":{"start":{"line":72,"column":0},"end":{"line":72,"column":2}},"74":{"start":{"line":75,"column":0},"end":{"line":75,"column":80}},"76":{"start":{"line":77,"column":0},"end":{"line":77,"column":7}},"77":{"start":{"line":78,"column":0},"end":{"line":78,"column":89}},"78":{"start":{"line":79,"column":0},"end":{"line":79,"column":16}},"79":{"start":{"line":80,"column":0},"end":{"line":80,"column":43}},"80":{"start":{"line":81,"column":0},"end":{"line":81,"column":67}},"81":{"start":{"line":82,"column":0},"end":{"line":82,"column":8}},"82":{"start":{"line":83,"column":0},"end":{"line":83,"column":7}},"84":{"start":{"line":85,"column":0},"end":{"line":85,"column":19}},"85":{"start":{"line":86,"column":0},"end":{"line":86,"column":66}},"86":{"start":{"line":87,"column":0},"end":{"line":87,"column":16}},"87":{"start":{"line":88,"column":0},"end":{"line":88,"column":3}},"88":{"start":{"line":89,"column":0},"end":{"line":89,"column":2}},"91":{"start":{"line":92,"column":0},"end":{"line":92,"column":73}},"92":{"start":{"line":93,"column":0},"end":{"line":93,"column":7}},"93":{"start":{"line":94,"column":0},"end":{"line":94,"column":75}},"94":{"start":{"line":95,"column":0},"end":{"line":95,"column":16}},"95":{"start":{"line":96,"column":0},"end":{"line":96,"column":43}},"96":{"start":{"line":97,"column":0},"end":{"line":97,"column":67}},"97":{"start":{"line":98,"column":0},"end":{"line":98,"column":8}},"98":{"start":{"line":99,"column":0},"end":{"line":99,"column":7}},"100":{"start":{"line":101,"column":0},"end":{"line":101,"column":47}},"101":{"start":{"line":102,"column":0},"end":{"line":102,"column":19}},"102":{"start":{"line":103,"column":0},"end":{"line":103,"column":59}},"103":{"start":{"line":104,"column":0},"end":{"line":104,"column":16}},"104":{"start":{"line":105,"column":0},"end":{"line":105,"column":3}},"105":{"start":{"line":106,"column":0},"end":{"line":106,"column":2}}},"s":{"0":1,"2":1,"5":1,"6":0,"7":0,"8":0,"9":0,"10":0,"11":0,"12":0,"13":0,"14":0,"15":0,"16":0,"17":0,"18":0,"21":1,"22":0,"23":0,"24":0,"25":0,"26":0,"27":0,"28":0,"29":0,"30":0,"31":0,"32":0,"33":0,"37":1,"38":0,"39":0,"40":0,"41":0,"42":0,"43":0,"44":0,"45":0,"46":0,"47":0,"48":0,"49":0,"50":0,"51":0,"52":0,"53":0,"54":0,"58":1,"59":0,"61":0,"62":0,"63":0,"64":0,"65":0,"66":0,"67":0,"68":0,"69":0,"70":0,"71":0,"74":1,"76":0,"77":0,"78":0,"79":0,"80":0,"81":0,"82":0,"84":0,"85":0,"86":0,"87":0,"88":0,"91":1,"92":0,"93":0,"94":0,"95":0,"96":0,"97":0,"98":0,"100":0,"101":0,"102":0,"103":0,"104":0,"105":0},"branchMap":{},"b":{},"fnMap":{"0":{"name":"fetchCollaborationRequests","decl":{"start":{"line":6,"column":42},"end":{"line":19,"column":1}},"loc":{"start":{"line":6,"column":42},"end":{"line":19,"column":1}},"line":6},"1":{"name":"handleCollaborationRequest","decl":{"start":{"line":22,"column":42},"end":{"line":34,"column":2}},"loc":{"start":{"line":22,"column":42},"end":{"line":34,"column":2}},"line":22},"2":{"name":"sendCollaborationRequest","decl":{"start":{"line":38,"column":40},"end":{"line":55,"column":2}},"loc":{"start":{"line":38,"column":40},"end":{"line":55,"column":2}},"line":38},"3":{"name":"cancelCollaboration","decl":{"start":{"line":59,"column":35},"end":{"line":72,"column":2}},"loc":{"start":{"line":59,"column":35},"end":{"line":72,"column":2}},"line":59},"4":{"name":"handleCancellationResponse","decl":{"start":{"line":75,"column":42},"end":{"line":89,"column":2}},"loc":{"start":{"line":75,"column":42},"end":{"line":89,"column":2}},"line":75},"5":{"name":"fetchCollaborationsByUserAndRole","decl":{"start":{"line":92,"column":48},"end":{"line":106,"column":2}},"loc":{"start":{"line":92,"column":48},"end":{"line":106,"column":2}},"line":92}},"f":{"0":0,"1":0,"2":0,"3":0,"4":0,"5":0}}
}
