TN:
SF:src\components\commonComponents\SearchBar.jsx
FN:3,SearchBar
FN:6,handleSearch
FNF:2
FNH:2
FNDA:31,SearchBar
FNDA:3,handleSearch
DA:1,1
DA:3,1
DA:4,31
DA:6,31
DA:7,3
DA:8,3
DA:9,3
DA:10,3
DA:12,31
DA:13,31
DA:14,31
DA:15,31
DA:16,31
DA:17,31
DA:18,31
DA:19,31
DA:21,31
DA:23,1
LF:18
LH:18
BRDA:3,0,0,31
BRDA:6,1,0,3
BRF:2
BRH:2
end_of_record
TN:
SF:src\components\dashboard\artistPages\RequestManagerList.jsx
FN:8,RequestManagerList
FN:26,fetchPendingRequest
FN:43,handleSendRequest
FN:115,onClick
FNF:4
FNH:4
FNDA:32,RequestManagerList
FNDA:9,fetchPendingRequest
FNDA:2,handleSendRequest
FNDA:2,onClick
DA:1,1
DA:2,1
DA:3,1
DA:4,1
DA:5,1
DA:6,1
DA:8,1
DA:9,32
DA:10,32
DA:11,32
DA:12,32
DA:13,32
DA:14,32
DA:15,32
DA:18,32
DA:19,9
DA:20,1
DA:21,1
DA:22,32
DA:24,32
DA:25,10
DA:26,9
DA:27,9
DA:28,9
DA:30,9
DA:31,9
DA:32,9
DA:33,9
DA:34,1
DA:35,9
DA:36,9
DA:37,9
DA:38,9
DA:39,9
DA:40,9
DA:41,32
DA:43,32
DA:44,2
DA:46,2
DA:47,2
DA:48,2
DA:49,1
DA:50,1
DA:51,1
DA:52,1
DA:53,1
DA:54,1
DA:55,1
DA:56,2
DA:57,1
DA:58,1
DA:59,2
DA:61,32
DA:62,56
DA:63,32
DA:65,32
DA:66,32
DA:67,32
DA:69,32
DA:71,32
DA:73,32
DA:74,32
DA:76,32
DA:77,2
DA:79,2
DA:82,32
DA:83,2
DA:85,2
DA:88,32
DA:89,9
DA:91,22
DA:92,22
DA:93,19
DA:94,37
DA:95,37
DA:96,37
DA:98,37
DA:99,37
DA:100,37
DA:102,37
DA:103,37
DA:104,37
DA:105,37
DA:106,37
DA:107,37
DA:108,37
DA:109,37
DA:111,37
DA:112,35
DA:113,35
DA:114,31
DA:115,31
DA:116,31
DA:117,31
DA:119,31
DA:122,35
DA:123,2
DA:124,2
DA:125,2
DA:126,2
DA:128,2
DA:131,35
DA:132,2
DA:134,35
DA:136,37
DA:137,19
DA:139,3
DA:140,3
DA:141,3
DA:143,22
DA:145,32
DA:147,32
DA:149,1
LF:113
LH:113
BRDA:8,0,0,32
BRDA:76,1,0,2
BRDA:82,2,0,2
BRDA:82,3,0,2
BRDA:88,4,0,9
BRDA:89,5,0,22
BRDA:92,6,0,19
BRDA:137,7,0,3
BRDA:140,8,0,1
BRDA:140,9,0,2
BRDA:18,10,0,9
BRDA:19,11,0,1
BRDA:24,12,0,10
BRDA:25,13,0,9
BRDA:26,14,0,9
BRDA:30,15,0,8
BRDA:32,16,0,7
BRDA:33,17,0,1
BRDA:31,18,0,1
BRDA:43,19,0,2
BRDA:44,20,0,0
BRDA:47,21,0,1
BRDA:48,22,0,1
BRDA:56,23,0,1
BRDA:61,24,0,56
BRDA:93,25,0,37
BRDA:111,26,0,35
BRDA:113,27,0,31
BRDA:122,28,0,4
BRDA:122,29,0,2
BRDA:131,30,0,4
BRDA:131,31,0,2
BRDA:115,32,0,2
BRF:33
BRH:32
end_of_record
TN:
SF:src\context\ArtistsManagersContext.jsx
FN:6,ArtistsManagersProvider
FN:99,useArtistsManagers
FNF:2
FNH:0
FNDA:0,ArtistsManagersProvider
FNDA:0,useArtistsManagers
DA:1,1
DA:2,1
DA:4,1
DA:6,1
DA:7,0
DA:8,0
DA:9,0
DA:10,0
DA:12,0
DA:13,0
DA:14,0
DA:15,0
DA:18,0
DA:19,0
DA:20,0
DA:21,0
DA:22,0
DA:24,0
DA:25,0
DA:26,0
DA:27,0
DA:31,0
DA:32,0
DA:34,0
DA:35,0
DA:36,0
DA:37,0
DA:39,0
DA:40,0
DA:43,0
DA:44,0
DA:45,0
DA:46,0
DA:47,0
DA:48,0
DA:49,0
DA:50,0
DA:52,0
DA:53,0
DA:54,0
DA:55,0
DA:56,0
DA:57,0
DA:59,0
DA:60,0
DA:61,0
DA:62,0
DA:66,0
DA:67,0
DA:68,0
DA:69,0
DA:70,0
DA:72,0
DA:74,0
DA:76,0
DA:78,0
DA:81,0
DA:82,0
DA:83,0
DA:84,0
DA:85,0
DA:86,0
DA:87,0
DA:89,0
DA:90,0
DA:92,0
DA:93,0
DA:94,0
DA:95,0
DA:97,0
DA:99,1
LF:71
LH:5
BRF:0
BRH:0
end_of_record
TN:
SF:src\context\NotificationContext.jsx
FN:7,NotificationProvider
FN:91,useNotifications
FNF:2
FNH:0
FNDA:0,NotificationProvider
FNDA:0,useNotifications
DA:1,1
DA:2,1
DA:3,1
DA:5,1
DA:7,1
DA:8,0
DA:9,0
DA:10,0
DA:11,0
DA:14,0
DA:15,0
DA:16,0
DA:18,0
DA:19,0
DA:20,0
DA:21,0
DA:22,0
DA:24,0
DA:25,0
DA:26,0
DA:28,0
DA:29,0
DA:30,0
DA:31,0
DA:32,0
DA:33,0
DA:34,0
DA:35,0
DA:36,0
DA:37,0
DA:38,0
DA:39,0
DA:40,0
DA:41,0
DA:42,0
DA:43,0
DA:44,0
DA:46,0
DA:47,0
DA:48,0
DA:49,0
DA:50,0
DA:51,0
DA:52,0
DA:53,0
DA:56,0
DA:57,0
DA:58,0
DA:59,0
DA:60,0
DA:62,0
DA:63,0
DA:64,0
DA:65,0
DA:66,0
DA:67,0
DA:68,0
DA:69,0
DA:70,0
DA:71,0
DA:72,0
DA:73,0
DA:74,0
DA:75,0
DA:76,0
DA:77,0
DA:78,0
DA:80,0
DA:82,0
DA:84,0
DA:85,0
DA:86,0
DA:87,0
DA:89,0
DA:91,1
LF:75
LH:6
BRF:0
BRH:0
end_of_record
TN:
SF:src\context\authContext.jsx
FN:6,AuthProvider
FN:87,useAuth
FNF:2
FNH:0
FNDA:0,AuthProvider
FNDA:0,useAuth
DA:1,1
DA:2,1
DA:4,1
DA:6,1
DA:7,0
DA:8,0
DA:9,0
DA:11,0
DA:12,0
DA:13,0
DA:14,0
DA:15,0
DA:16,0
DA:17,0
DA:18,0
DA:19,0
DA:20,0
DA:22,0
DA:23,0
DA:24,0
DA:26,0
DA:27,0
DA:28,0
DA:29,0
DA:30,0
DA:31,0
DA:32,0
DA:33,0
DA:34,0
DA:35,0
DA:36,0
DA:37,0
DA:38,0
DA:39,0
DA:40,0
DA:42,0
DA:43,0
DA:44,0
DA:45,0
DA:46,0
DA:47,0
DA:48,0
DA:49,0
DA:50,0
DA:51,0
DA:52,0
DA:53,0
DA:54,0
DA:55,0
DA:56,0
DA:58,0
DA:59,0
DA:60,0
DA:61,0
DA:62,0
DA:63,0
DA:64,0
DA:65,0
DA:66,0
DA:67,0
DA:69,0
DA:70,0
DA:71,0
DA:72,0
DA:73,0
DA:76,0
DA:77,0
DA:78,0
DA:80,0
DA:81,0
DA:82,0
DA:83,0
DA:85,0
DA:87,1
LF:74
LH:5
BRF:0
BRH:0
end_of_record
TN:
SF:src\services\CollaborationService.jsx
FN:6,fetchCollaborationRequests
FN:22,handleCollaborationRequest
FN:38,sendCollaborationRequest
FN:59,cancelCollaboration
FN:75,handleCancellationResponse
FN:92,fetchCollaborationsByUserAndRole
FNF:6
FNH:0
FNDA:0,fetchCollaborationRequests
FNDA:0,handleCollaborationRequest
FNDA:0,sendCollaborationRequest
FNDA:0,cancelCollaboration
FNDA:0,handleCancellationResponse
FNDA:0,fetchCollaborationsByUserAndRole
DA:1,1
DA:3,1
DA:6,1
DA:7,0
DA:8,0
DA:9,0
DA:10,0
DA:11,0
DA:12,0
DA:13,0
DA:14,0
DA:15,0
DA:16,0
DA:17,0
DA:18,0
DA:19,0
DA:22,1
DA:23,0
DA:24,0
DA:25,0
DA:26,0
DA:27,0
DA:28,0
DA:29,0
DA:30,0
DA:31,0
DA:32,0
DA:33,0
DA:34,0
DA:38,1
DA:39,0
DA:40,0
DA:41,0
DA:42,0
DA:43,0
DA:44,0
DA:45,0
DA:46,0
DA:47,0
DA:48,0
DA:49,0
DA:50,0
DA:51,0
DA:52,0
DA:53,0
DA:54,0
DA:55,0
DA:59,1
DA:60,0
DA:62,0
DA:63,0
DA:64,0
DA:65,0
DA:66,0
DA:67,0
DA:68,0
DA:69,0
DA:70,0
DA:71,0
DA:72,0
DA:75,1
DA:77,0
DA:78,0
DA:79,0
DA:80,0
DA:81,0
DA:82,0
DA:83,0
DA:85,0
DA:86,0
DA:87,0
DA:88,0
DA:89,0
DA:92,1
DA:93,0
DA:94,0
DA:95,0
DA:96,0
DA:97,0
DA:98,0
DA:99,0
DA:101,0
DA:102,0
DA:103,0
DA:104,0
DA:105,0
DA:106,0
LF:87
LH:8
BRF:0
BRH:0
end_of_record
