TN:
SF:controllers\authcontroller.js
FN:7,(anonymous_0)
FN:72,(anonymous_1)
FN:77,(anonymous_2)
FN:106,(anonymous_3)
FN:121,(anonymous_4)
FNF:5
FNH:5
FNDA:3,(anonymous_0)
FNDA:1,(anonymous_1)
FNDA:1,(anonymous_2)
FNDA:1,(anonymous_3)
FNDA:1,(anonymous_4)
DA:1,1
DA:2,1
DA:3,1
DA:4,1
DA:5,1
DA:7,1
DA:9,3
DA:10,3
DA:11,3
DA:12,3
DA:15,3
DA:17,3
DA:18,1
DA:22,2
DA:23,1
DA:29,1
DA:30,1
DA:31,0
DA:35,1
DA:48,1
DA:49,0
DA:53,1
DA:67,0
DA:72,1
DA:73,1
DA:74,1
DA:77,1
DA:78,1
DA:80,1
DA:81,1
DA:83,1
DA:84,0
DA:87,1
DA:89,1
DA:97,1
DA:99,1
DA:106,1
DA:107,1
DA:108,0
DA:109,0
DA:111,1
DA:116,0
DA:117,0
DA:121,1
DA:122,1
DA:123,1
DA:124,1
DA:126,1
DA:127,1
DA:129,1
DA:130,0
DA:133,1
DA:135,1
DA:136,1
DA:138,1
DA:140,0
DA:141,0
DA:148,1
LF:58
LH:47
BRDA:17,0,0,1
BRDA:17,0,1,2
BRDA:22,1,0,1
BRDA:22,1,1,1
BRDA:30,2,0,0
BRDA:30,2,1,1
BRDA:48,3,0,0
BRDA:48,3,1,1
BRDA:83,4,0,0
BRDA:83,4,1,1
BRDA:107,5,0,0
BRDA:107,5,1,1
BRDA:129,6,0,0
BRDA:129,6,1,1
BRF:14
BRH:9
end_of_record
TN:
SF:middleware\authMiddleware.js
FN:4,(anonymous_0)
FNF:1
FNH:1
FNDA:6,(anonymous_0)
DA:1,1
DA:2,1
DA:4,1
DA:5,6
DA:7,6
DA:8,1
DA:11,5
DA:12,5
DA:13,1
DA:17,4
DA:20,3
DA:21,2
DA:22,1
DA:25,1
DA:26,1
DA:27,1
DA:29,2
DA:30,2
DA:34,1
LF:19
LH:19
BRDA:7,0,0,1
BRDA:7,0,1,5
BRDA:12,1,0,1
BRDA:12,1,1,4
BRDA:21,2,0,1
BRDA:21,2,1,1
BRF:6
BRH:6
end_of_record
TN:
SF:models\userModel.js
FNF:0
FNH:0
DA:1,1
DA:3,1
DA:13,1
LF:3
LH:3
BRF:0
BRH:0
end_of_record
